<?xml version="1.0" encoding="UTF-8"?>
<testsuite name="testproject.CalculatorTest" tests="2" skipped="0" failures="0" errors="0" timestamp="2022-12-05T19:59:58" hostname="DESKTOP-TQ04F2L" time="0.001">
  <properties/>
  <testcase name="testSum" classname="testproject.CalculatorTest" time="0.001"/>
  <testcase name="testSubtract" classname="testproject.CalculatorTest" time="0.0"/>
  <system-out><![CDATA[]]></system-out>
  <system-err><![CDATA[]]></system-err>
</testsuite>
