<?xml version="1.0" encoding="UTF-8"?>
<testsuite name="testproject.AggregatorTest" tests="3" skipped="0" failures="0" errors="0" timestamp="2022-12-05T19:59:58" hostname="DESKTOP-TQ04F2L" time="0.036">
  <properties/>
  <testcase name="testInitialState" classname="testproject.AggregatorTest" time="0.035"/>
  <testcase name="testMultipleAdditions" classname="testproject.AggregatorTest" time="0.001"/>
  <testcase name="testSingleAddition" classname="testproject.AggregatorTest" time="0.0"/>
  <system-out><![CDATA[]]></system-out>
  <system-err><![CDATA[]]></system-err>
</testsuite>
